root - INFO - loaded df
root - INFO -    id       dur proto service state  spkts  dpkts  ...  ct_ftp_cmd  ct_flw_http_mthd  ct_src_ltm  ct_srv_dst  is_sm_ips_ports  attack_cat  label
0   1  0.000011   udp       -   INT      2      0  ...           0                 0           1           2                0      Normal      0
1   2  0.000008   udp       -   INT      2      0  ...           0                 0           1           2                0      Normal      0
2   3  0.000005   udp       -   INT      2      0  ...           0                 0           1           3                0      Normal      0
3   4  0.000006   udp       -   INT      2      0  ...           0                 0           2           3                0      Normal      0
4   5  0.000010   udp       -   INT      2      0  ...           0                 0           2           3                0      Normal      0

[5 rows x 45 columns]
root - INFO - Number of columns: 45
Number of rows: 3704940
Name of the first column: id
Name of the last column: label
root - INFO - Types of detected attacks:
 Normal Reconnaissance Backdoor DoS Exploits Analysis Fuzzers Worms Shellcode Generic
root - INFO - Different elements in the last column: [0 1]
root - INFO - Exist Null elements: False

root - INFO - 1    45332
0    37000
Name: label, dtype: int64
root - INFO - Types of attacks detected among anomalies:
root - INFO - Generic           18871
Exploits          11132
Fuzzers            6062
DoS                4089
Reconnaissance     3496
Analysis            677
Backdoor            583
Shellcode           378
Worms                44
Name: attack_cat, dtype: int64
root - INFO - Types of attacks detected among non-anomalies:
root - INFO - Normal    37000
Name: attack_cat, dtype: int64
root - INFO - encoded and normalized df
root - INFO -             dur  proto  service     state     spkts  dpkts  ...  ct_flw_http_mthd  ct_src_ltm  ct_srv_dst  is_sm_ips_ports  attack_cat  label
0  1.833334e-07    0.9      0.0  0.666667  0.000094    0.0  ...               0.0    0.000000    0.016393              0.0           6    0.0
1  1.333334e-07    0.9      0.0  0.666667  0.000094    0.0  ...               0.0    0.000000    0.016393              0.0           6    0.0
2  8.333335e-08    0.9      0.0  0.666667  0.000094    0.0  ...               0.0    0.000000    0.032787              0.0           6    0.0
3  1.000000e-07    0.9      0.0  0.666667  0.000094    0.0  ...               0.0    0.016949    0.032787              0.0           6    0.0
4  1.666667e-07    0.9      0.0  0.666667  0.000094    0.0  ...               0.0    0.016949    0.032787              0.0           6    0.0

[5 rows x 44 columns]
root - INFO - Trainset: torch.Size([25900, 44])
root - INFO - Testset: torch.Size([11100, 44])
root - INFO - Epoch 1: train_loss: 30.69223899	 val_loss: 19.44166455
root - INFO - Epoch 2: train_loss: 19.83288134	 val_loss: 18.10793587
root - INFO - Epoch 3: train_loss: 18.64855289	 val_loss: 17.58272726
root - INFO - Epoch 4: train_loss: 17.51581440	 val_loss: 16.71030101
root - INFO - Epoch 5: train_loss: 17.09136592	 val_loss: 15.61878439
root - INFO - Epoch 6: train_loss: 16.95860489	 val_loss: 15.41268452
root - INFO - Epoch 7: train_loss: 16.79058423	 val_loss: 15.59458615
root - INFO - Epoch 8: train_loss: 16.62788069	 val_loss: 15.42820778
root - INFO - Epoch 9: train_loss: 16.35646328	 val_loss: 14.98260980
root - INFO - Epoch 10: train_loss: 16.20040899	 val_loss: 14.84767429
root - INFO - Epoch 11: train_loss: 16.15731301	 val_loss: 14.95556005
root - INFO - Epoch 12: train_loss: 16.13462242	 val_loss: 15.02997701
root - INFO - Epoch 13: train_loss: 16.06367769	 val_loss: 15.24445907
root - INFO - Epoch 14: train_loss: 16.07145604	 val_loss: 14.99700500
root - INFO - Epoch 15: train_loss: 14.87012244	 val_loss: 14.00599726
root - INFO - Epoch 16: train_loss: 14.79877708	 val_loss: 14.11366806
root - INFO - Epoch 17: train_loss: 14.75529384	 val_loss: 14.13627189
root - INFO - Epoch 18: train_loss: 14.70408748	 val_loss: 14.14911383
root - INFO - Epoch 19: train_loss: 14.60581014	 val_loss: 14.16731798
root - INFO - Epoch 20: train_loss: 14.37874944	 val_loss: 14.19610974
root - INFO - Epoch 21: train_loss: 14.35357421	 val_loss: 14.19306645
root - INFO - Epoch 22: train_loss: 14.33554635	 val_loss: 14.18596342
root - INFO - Epoch 23: train_loss: 14.31821460	 val_loss: 14.17461241
root - INFO - Epoch 24: train_loss: 14.29428637	 val_loss: 14.17923552
root - INFO - Epoch 25: train_loss: 14.29141065	 val_loss: 14.17630756
root - INFO - Epoch 26: train_loss: 14.28964193	 val_loss: 14.17455270
root - INFO - Epoch 27: train_loss: 14.28794486	 val_loss: 14.17308813
root - INFO - Epoch 28: train_loss: 14.28527487	 val_loss: 14.17321923
root - INFO - Epoch 29: train_loss: 14.28496963	 val_loss: 14.17318904
root - INFO - Epoch 30: train_loss: 14.28476901	 val_loss: 14.17302324
